<?xml version="1.0" encoding="UTF-8"?>
<!-- Generated by org.testng.reporters.JUnitXMLReporter -->
<testsuite ignored="0" hostname="LAPTOP-HA74NOBF" failures="0" tests="4" name="Default test" time="30.257" errors="0" timestamp="2023-10-16T17:53:58 IST">
  <testcase classname="com.parametrized.DataDriven" name="loginTest" time="11.733"/>
  <testcase classname="com.parametrized.DataDriven" name="loginTest" time="3.908"/>
  <testcase classname="com.parametrized.DataDriven" name="loginTest" time="3.696"/>
  <testcase classname="com.parametrized.DataDriven" name="loginTest" time="4.147"/>
</testsuite> <!-- Default test -->
