<?xml version="1.0" encoding="UTF-8"?>
<testng-results ignored="0" total="4" passed="4" failed="0" skipped="0">
  <reporter-output>
  </reporter-output>
  <suite started-at="2023-10-16T17:53:27 IST" name="Default suite" finished-at="2023-10-16T17:53:58 IST" duration-ms="30257">
    <groups>
    </groups>
    <test started-at="2023-10-16T17:53:27 IST" name="Default test" finished-at="2023-10-16T17:53:58 IST" duration-ms="30257">
      <class name="com.parametrized.DataDriven">
        <test-method is-config="true" signature="setup()[pri:0, instance:com.parametrized.DataDriven@c430e6c]" started-at="2023-10-16T17:53:27 IST" name="setup" finished-at="2023-10-16T17:53:34 IST" duration-ms="6536" status="PASS">
          <reporter-output>
          </reporter-output>
        </test-method> <!-- setup -->
        <test-method signature="loginTest(java.lang.String,java.lang.String,java.lang.String)[pri:0, instance:com.parametrized.DataDriven@c430e6c]" started-at="2023-10-16T17:53:34 IST" name="loginTest" data-provider="LoginData" finished-at="2023-10-16T17:53:46 IST" duration-ms="11733" status="PASS">
          <params>
            <param index="0">
              <value>
                <![CDATA[admin@yourstore.com]]>
              </value>
            </param>
            <param index="1">
              <value>
                <![CDATA[admin]]>
              </value>
            </param>
            <param index="2">
              <value>
                <![CDATA[Valid]]>
              </value>
            </param>
          </params>
          <reporter-output>
          </reporter-output>
        </test-method> <!-- loginTest -->
        <test-method signature="loginTest(java.lang.String,java.lang.String,java.lang.String)[pri:0, instance:com.parametrized.DataDriven@c430e6c]" started-at="2023-10-16T17:53:46 IST" name="loginTest" data-provider="LoginData" finished-at="2023-10-16T17:53:50 IST" duration-ms="3908" status="PASS">
          <params>
            <param index="0">
              <value>
                <![CDATA[admin@yourstore.com]]>
              </value>
            </param>
            <param index="1">
              <value>
                <![CDATA[admin1]]>
              </value>
            </param>
            <param index="2">
              <value>
                <![CDATA[Invalid]]>
              </value>
            </param>
          </params>
          <reporter-output>
          </reporter-output>
        </test-method> <!-- loginTest -->
        <test-method signature="loginTest(java.lang.String,java.lang.String,java.lang.String)[pri:0, instance:com.parametrized.DataDriven@c430e6c]" started-at="2023-10-16T17:53:50 IST" name="loginTest" data-provider="LoginData" finished-at="2023-10-16T17:53:53 IST" duration-ms="3696" status="PASS">
          <params>
            <param index="0">
              <value>
                <![CDATA[admin1@yourstore.com]]>
              </value>
            </param>
            <param index="1">
              <value>
                <![CDATA[admin]]>
              </value>
            </param>
            <param index="2">
              <value>
                <![CDATA[Invalid]]>
              </value>
            </param>
          </params>
          <reporter-output>
          </reporter-output>
        </test-method> <!-- loginTest -->
        <test-method signature="loginTest(java.lang.String,java.lang.String,java.lang.String)[pri:0, instance:com.parametrized.DataDriven@c430e6c]" started-at="2023-10-16T17:53:53 IST" name="loginTest" data-provider="LoginData" finished-at="2023-10-16T17:53:57 IST" duration-ms="4147" status="PASS">
          <params>
            <param index="0">
              <value>
                <![CDATA[admin1@yourstore.com]]>
              </value>
            </param>
            <param index="1">
              <value>
                <![CDATA[admin1]]>
              </value>
            </param>
            <param index="2">
              <value>
                <![CDATA[Invalid]]>
              </value>
            </param>
          </params>
          <reporter-output>
          </reporter-output>
        </test-method> <!-- loginTest -->
        <test-method is-config="true" signature="teardown()[pri:0, instance:com.parametrized.DataDriven@c430e6c]" started-at="2023-10-16T17:53:57 IST" name="teardown" finished-at="2023-10-16T17:53:58 IST" duration-ms="162" status="PASS">
          <reporter-output>
          </reporter-output>
        </test-method> <!-- teardown -->
      </class> <!-- com.parametrized.DataDriven -->
    </test> <!-- Default test -->
  </suite> <!-- Default suite -->
</testng-results>
